# JRE version: Java(TM) SE Runtime Environment (8.0_31-b13) (build 1.8.0_31-b13)
# Java VM: Java HotSpot(TM) 64-Bit Server VM (25.31-b07 mixed mode bsd-amd64 compressed oops)
Heap:
 PSYoungGen      total 305664K, used 96907K [0x00000007aab00000, 0x00000007c0000000, 0x00000007c0000000)
  eden space 262144K, 22% used [0x00000007aab00000,0x00000007ae4948b8,0x00000007bab00000)
  from space 43520K, 87% used [0x00000007bab00000,0x00000007bd00e420,0x00000007bd580000)
  to   space 43520K, 0% used [0x00000007bd580000,0x00000007bd580000,0x00000007c0000000)
 ParOldGen       total 699392K, used 32K [0x0000000780000000, 0x00000007aab00000, 0x00000007aab00000)
  object space 699392K, 0% used [0x0000000780000000,0x0000000780008000,0x00000007aab00000)
 Metaspace       used 60664K, capacity 61218K, committed 61440K, reserved 1099776K
  class space    used 11582K, capacity 11756K, committed 11776K, reserved 1048576K
GC Heap History (6 events):
Event: 3.957 GC heap before
{Heap before GC invocations=1 (full 0):
 PSYoungGen      total 305664K, used 262144K [0x00000007aab00000, 0x00000007c0000000, 0x00000007c0000000)
  eden space 262144K, 100% used [0x00000007aab00000,0x00000007bab00000,0x00000007bab00000)
  from space 43520K, 0% used [0x00000007bd580000,0x00000007bd580000,0x00000007c0000000)
  to   space 43520K, 0% used [0x00000007bab00000,0x00000007bab00000,0x00000007bd580000)
 ParOldGen       total 699392K, used 0K [0x0000000780000000, 0x00000007aab00000, 0x00000007aab00000)
  object space 699392K, 0% used [0x0000000780000000,0x0000000780000000,0x00000007aab00000)
 Metaspace       used 31193K, capacity 31516K, committed 31744K, reserved 1075200K
  class space    used 5939K, capacity 6046K, committed 6144K, reserved 1048576K
Event: 4.000 GC heap after
Heap after GC invocations=1 (full 0):
 PSYoungGen      total 305664K, used 27423K [0x00000007aab00000, 0x00000007c0000000, 0x00000007c0000000)
  eden space 262144K, 0% used [0x00000007aab00000,0x00000007aab00000,0x00000007bab00000)
  from space 43520K, 63% used [0x00000007bab00000,0x00000007bc5c7e50,0x00000007bd580000)
  to   space 43520K, 0% used [0x00000007bd580000,0x00000007bd580000,0x00000007c0000000)
 ParOldGen       total 699392K, used 16K [0x0000000780000000, 0x00000007aab00000, 0x00000007aab00000)
  object space 699392K, 0% used [0x0000000780000000,0x0000000780004000,0x00000007aab00000)
 Metaspace       used 31193K, capacity 31516K, committed 31744K, reserved 1075200K
  class space    used 5939K, capacity 6046K, committed 6144K, reserved 1048576K
}
Event: 6.632 GC heap before
{Heap before GC invocations=2 (full 0):
 PSYoungGen      total 305664K, used 289567K [0x00000007aab00000, 0x00000007c0000000, 0x00000007c0000000)
  eden space 262144K, 100% used [0x00000007aab00000,0x00000007bab00000,0x00000007bab00000)
  from space 43520K, 63% used [0x00000007bab00000,0x00000007bc5c7e50,0x00000007bd580000)
  to   space 43520K, 0% used [0x00000007bd580000,0x00000007bd580000,0x00000007c0000000)
 ParOldGen       total 699392K, used 16K [0x0000000780000000, 0x00000007aab00000, 0x00000007aab00000)
  object space 699392K, 0% used [0x0000000780000000,0x0000000780004000,0x00000007aab00000)
 Metaspace       used 41412K, capacity 41792K, committed 41984K, reserved 1083392K
  class space    used 8208K, capacity 8341K, committed 8448K, reserved 1048576K
Event: 6.675 GC heap after
Heap after GC invocations=2 (full 0):
 PSYoungGen      total 305664K, used 22114K [0x00000007aab00000, 0x00000007c0000000, 0x00000007c0000000)
  eden space 262144K, 0% used [0x00000007aab00000,0x00000007aab00000,0x00000007bab00000)
  from space 43520K, 50% used [0x00000007bd580000,0x00000007beb18a80,0x00000007c0000000)
  to   space 43520K, 0% used [0x00000007bab00000,0x00000007bab00000,0x00000007bd580000)
 ParOldGen       total 699392K, used 24K [0x0000000780000000, 0x00000007aab00000, 0x00000007aab00000)
  object space 699392K, 0% used [0x0000000780000000,0x0000000780006000,0x00000007aab00000)
 Metaspace       used 41412K, capacity 41792K, committed 41984K, reserved 1083392K
  class space    used 8208K, capacity 8341K, committed 8448K, reserved 1048576K
}
Event: 15.327 GC heap before
{Heap before GC invocations=3 (full 0):
 PSYoungGen      total 305664K, used 284258K [0x00000007aab00000, 0x00000007c0000000, 0x00000007c0000000)
  eden space 262144K, 100% used [0x00000007aab00000,0x00000007bab00000,0x00000007bab00000)
  from space 43520K, 50% used [0x00000007bd580000,0x00000007beb18a80,0x00000007c0000000)
  to   space 43520K, 0% used [0x00000007bab00000,0x00000007bab00000,0x00000007bd580000)
 ParOldGen       total 699392K, used 24K [0x0000000780000000, 0x00000007aab00000, 0x00000007aab00000)
  object space 699392K, 0% used [0x0000000780000000,0x0000000780006000,0x00000007aab00000)
 Metaspace       used 55405K, capacity 56002K, committed 56064K, reserved 1093632K
  class space    used 10721K, capacity 10956K, committed 11008K, reserved 1048576K
Event: 15.377 GC heap after
Heap after GC invocations=3 (full 0):
 PSYoungGen      total 305664K, used 37945K [0x00000007aab00000, 0x00000007c0000000, 0x00000007c0000000)
  eden space 262144K, 0% used [0x00000007aab00000,0x00000007aab00000,0x00000007bab00000)
  from space 43520K, 87% used [0x00000007bab00000,0x00000007bd00e420,0x00000007bd580000)
  to   space 43520K, 0% used [0x00000007bd580000,0x00000007bd580000,0x00000007c0000000)
 ParOldGen       total 699392K, used 32K [0x0000000780000000, 0x00000007aab00000, 0x00000007aab00000)
  object space 699392K, 0% used [0x0000000780000000,0x0000000780008000,0x00000007aab00000)
 Metaspace       used 55405K, capacity 56002K, committed 56064K, reserved 1093632K
  class space    used 10721K, capacity 10956K, committed 11008K, reserved 1048576K
}

