# JRE version: Java(TM) SE Runtime Environment (8.0_31-b13) (build 1.8.0_31-b13)
# Java VM: Java HotSpot(TM) 64-Bit Server VM (25.31-b07 mixed mode bsd-amd64 compressed oops)
Heap:
 PSYoungGen      total 265728K, used 137606K [0x00000007aab00000, 0x00000007c0000000, 0x00000007c0000000)
  eden space 181248K, 75% used [0x00000007aab00000,0x00000007b312d448,0x00000007b5c00000)
  from space 84480K, 0% used [0x00000007bad80000,0x00000007badb4700,0x00000007c0000000)
  to   space 83456K, 0% used [0x00000007b5c00000,0x00000007b5c00000,0x00000007bad80000)
 ParOldGen       total 699392K, used 336121K [0x0000000780000000, 0x00000007aab00000, 0x00000007aab00000)
  object space 699392K, 48% used [0x0000000780000000,0x000000079483e448,0x00000007aab00000)
 Metaspace       used 86131K, capacity 86976K, committed 87424K, reserved 1122304K
  class space    used 15134K, capacity 15448K, committed 15488K, reserved 1048576K
GC Heap History (10 events):
Event: 111.615 GC heap before
{Heap before GC invocations=21 (full 1):
 PSYoungGen      total 287744K, used 239552K [0x00000007aab00000, 0x00000007c0000000, 0x00000007c0000000)
  eden space 226816K, 100% used [0x00000007aab00000,0x00000007b8880000,0x00000007b8880000)
  from space 60928K, 20% used [0x00000007b8880000,0x00000007b94f0000,0x00000007bc400000)
  to   space 59392K, 0% used [0x00000007bc600000,0x00000007bc600000,0x00000007c0000000)
 ParOldGen       total 699392K, used 201868K [0x0000000780000000, 0x00000007aab00000, 0x00000007aab00000)
  object space 699392K, 28% used [0x0000000780000000,0x000000078c523258,0x00000007aab00000)
 Metaspace       used 81135K, capacity 81784K, committed 82176K, reserved 1116160K
  class space    used 14516K, capacity 14768K, committed 14848K, reserved 1048576K
Event: 111.859 GC heap after
Heap after GC invocations=21 (full 1):
 PSYoungGen      total 229376K, used 59363K [0x00000007aab00000, 0x00000007c0000000, 0x00000007c0000000)
  eden space 169984K, 0% used [0x00000007aab00000,0x00000007aab00000,0x00000007b5100000)
  from space 59392K, 99% used [0x00000007bc600000,0x00000007bfff8c40,0x00000007c0000000)
  to   space 89600K, 0% used [0x00000007b5100000,0x00000007b5100000,0x00000007ba880000)
 ParOldGen       total 699392K, used 257302K [0x0000000780000000, 0x00000007aab00000, 0x00000007aab00000)
  object space 699392K, 36% used [0x0000000780000000,0x000000078fb45a98,0x00000007aab00000)
 Metaspace       used 81135K, capacity 81784K, committed 82176K, reserved 1116160K
  class space    used 14516K, capacity 14768K, committed 14848K, reserved 1048576K
}
Event: 119.118 GC heap before
{Heap before GC invocations=22 (full 1):
 PSYoungGen      total 229376K, used 229347K [0x00000007aab00000, 0x00000007c0000000, 0x00000007c0000000)
  eden space 169984K, 100% used [0x00000007aab00000,0x00000007b5100000,0x00000007b5100000)
  from space 59392K, 99% used [0x00000007bc600000,0x00000007bfff8c40,0x00000007c0000000)
  to   space 89600K, 0% used [0x00000007b5100000,0x00000007b5100000,0x00000007ba880000)
 ParOldGen       total 699392K, used 257302K [0x0000000780000000, 0x00000007aab00000, 0x00000007aab00000)
  object space 699392K, 36% used [0x0000000780000000,0x000000078fb45a98,0x00000007aab00000)
 Metaspace       used 84694K, capacity 85444K, committed 86016K, reserved 1120256K
  class space    used 14974K, capacity 15236K, committed 15360K, reserved 1048576K
Event: 119.318 GC heap after
Heap after GC invocations=22 (full 1):
 PSYoungGen      total 259584K, used 31815K [0x00000007aab00000, 0x00000007c0000000, 0x00000007c0000000)
  eden space 169984K, 0% used [0x00000007aab00000,0x00000007aab00000,0x00000007b5100000)
  from space 89600K, 35% used [0x00000007b5100000,0x00000007b7011fe8,0x00000007ba880000)
  to   space 83968K, 0% used [0x00000007bae00000,0x00000007bae00000,0x00000007c0000000)
 ParOldGen       total 699392K, used 305844K [0x0000000780000000, 0x00000007aab00000, 0x00000007aab00000)
  object space 699392K, 43% used [0x0000000780000000,0x0000000792aad130,0x00000007aab00000)
 Metaspace       used 84694K, capacity 85444K, committed 86016K, reserved 1120256K
  class space    used 14974K, capacity 15236K, committed 15360K, reserved 1048576K
}
Event: 119.396 GC heap before
{Heap before GC invocations=23 (full 1):
 PSYoungGen      total 259584K, used 201799K [0x00000007aab00000, 0x00000007c0000000, 0x00000007c0000000)
  eden space 169984K, 100% used [0x00000007aab00000,0x00000007b5100000,0x00000007b5100000)
  from space 89600K, 35% used [0x00000007b5100000,0x00000007b7011fe8,0x00000007ba880000)
  to   space 83968K, 0% used [0x00000007bae00000,0x00000007bae00000,0x00000007c0000000)
 ParOldGen       total 699392K, used 305844K [0x0000000780000000, 0x00000007aab00000, 0x00000007aab00000)
  object space 699392K, 43% used [0x0000000780000000,0x0000000792aad130,0x00000007aab00000)
 Metaspace       used 84694K, capacity 85444K, committed 86016K, reserved 1120256K
  class space    used 14974K, capacity 15236K, committed 15360K, reserved 1048576K
Event: 119.447 GC heap after
Heap after GC invocations=23 (full 1):
 PSYoungGen      total 263168K, used 201K [0x00000007aab00000, 0x00000007c0000000, 0x00000007c0000000)
  eden space 179200K, 0% used [0x00000007aab00000,0x00000007aab00000,0x00000007b5a00000)
  from space 83968K, 0% used [0x00000007bae00000,0x00000007bae32620,0x00000007c0000000)
  to   space 84992K, 0% used [0x00000007b5a00000,0x00000007b5a00000,0x00000007bad00000)
 ParOldGen       total 699392K, used 336105K [0x0000000780000000, 0x00000007aab00000, 0x00000007aab00000)
  object space 699392K, 48% used [0x0000000780000000,0x000000079483a448,0x00000007aab00000)
 Metaspace       used 84694K, capacity 85444K, committed 86016K, reserved 1120256K
  class space    used 14974K, capacity 15236K, committed 15360K, reserved 1048576K
}
Event: 119.505 GC heap before
{Heap before GC invocations=24 (full 1):
 PSYoungGen      total 263168K, used 179263K [0x00000007aab00000, 0x00000007c0000000, 0x00000007c0000000)
  eden space 179200K, 99% used [0x00000007aab00000,0x00000007b59dd6a0,0x00000007b5a00000)
  from space 83968K, 0% used [0x00000007bae00000,0x00000007bae32620,0x00000007c0000000)
  to   space 84992K, 0% used [0x00000007b5a00000,0x00000007b5a00000,0x00000007bad00000)
 ParOldGen       total 699392K, used 336105K [0x0000000780000000, 0x00000007aab00000, 0x00000007aab00000)
  object space 699392K, 48% used [0x0000000780000000,0x000000079483a448,0x00000007aab00000)
 Metaspace       used 84697K, capacity 85444K, committed 86016K, reserved 1120256K
  class space    used 14974K, capacity 15236K, committed 15360K, reserved 1048576K
Event: 119.512 GC heap after
Heap after GC invocations=24 (full 1):
 PSYoungGen      total 264192K, used 177K [0x00000007aab00000, 0x00000007c0000000, 0x00000007c0000000)
  eden space 179200K, 0% used [0x00000007aab00000,0x00000007aab00000,0x00000007b5a00000)
  from space 84992K, 0% used [0x00000007b5a00000,0x00000007b5a2c6e0,0x00000007bad00000)
  to   space 84480K, 0% used [0x00000007bad80000,0x00000007bad80000,0x00000007c0000000)
 ParOldGen       total 699392K, used 336113K [0x0000000780000000, 0x00000007aab00000, 0x00000007aab00000)
  object space 699392K, 48% used [0x0000000780000000,0x000000079483c448,0x00000007aab00000)
 Metaspace       used 84697K, capacity 85444K, committed 86016K, reserved 1120256K
  class space    used 14974K, capacity 15236K, committed 15360K, reserved 1048576K
}
Event: 119.562 GC heap before
{Heap before GC invocations=25 (full 1):
 PSYoungGen      total 264192K, used 179209K [0x00000007aab00000, 0x00000007c0000000, 0x00000007c0000000)
  eden space 179200K, 99% used [0x00000007aab00000,0x00000007b59d5e18,0x00000007b5a00000)
  from space 84992K, 0% used [0x00000007b5a00000,0x00000007b5a2c6e0,0x00000007bad00000)
  to   space 84480K, 0% used [0x00000007bad80000,0x00000007bad80000,0x00000007c0000000)
 ParOldGen       total 699392K, used 336113K [0x0000000780000000, 0x00000007aab00000, 0x00000007aab00000)
  object space 699392K, 48% used [0x0000000780000000,0x000000079483c448,0x00000007aab00000)
 Metaspace       used 84697K, capacity 85444K, committed 86016K, reserved 1120256K
  class space    used 14974K, capacity 15236K, committed 15360K, reserved 1048576K
Event: 119.570 GC heap after
Heap after GC invocations=25 (full 1):
 PSYoungGen      total 265728K, used 209K [0x00000007aab00000, 0x00000007c0000000, 0x00000007c0000000)
  eden space 181248K, 0% used [0x00000007aab00000,0x00000007aab00000,0x00000007b5c00000)
  from space 84480K, 0% used [0x00000007bad80000,0x00000007badb4700,0x00000007c0000000)
  to   space 83456K, 0% used [0x00000007b5c00000,0x00000007b5c00000,0x00000007bad80000)
 ParOldGen       total 699392K, used 336121K [0x0000000780000000, 0x00000007aab00000, 0x00000007aab00000)
  object space 699392K, 48% used [0x0000000780000000,0x000000079483e448,0x00000007aab00000)
 Metaspace       used 84697K, capacity 85444K, committed 86016K, reserved 1120256K
  class space    used 14974K, capacity 15236K, committed 15360K, reserved 1048576K
}

