# JRE version: Java(TM) SE Runtime Environment (8.0_31-b13) (build 1.8.0_31-b13)
# Java VM: Java HotSpot(TM) 64-Bit Server VM (25.31-b07 mixed mode bsd-amd64 compressed oops)
Heap:
 PSYoungGen      total 231424K, used 189440K [0x00000007aab00000, 0x00000007c0000000, 0x00000007c0000000)
  eden space 189440K, 100% used [0x00000007aab00000,0x00000007b6400000,0x00000007b6400000)
  from space 41984K, 0% used [0x00000007bd700000,0x00000007bd700000,0x00000007c0000000)
  to   space 79872K, 0% used [0x00000007b6400000,0x00000007b6400000,0x00000007bb200000)
 ParOldGen       total 699392K, used 696859K [0x0000000780000000, 0x00000007aab00000, 0x00000007aab00000)
  object space 699392K, 99% used [0x0000000780000000,0x00000007aa886ce8,0x00000007aab00000)
 Metaspace       used 85722K, capacity 86496K, committed 87168K, reserved 1122304K
  class space    used 14894K, capacity 15146K, committed 15232K, reserved 1048576K
GC Heap History (10 events):
Event: 1117.048 GC heap after
Heap after GC invocations=140 (full 35):
 PSYoungGen      total 231424K, used 81440K [0x00000007aab00000, 0x00000007c0000000, 0x00000007c0000000)
  eden space 189440K, 42% used [0x00000007aab00000,0x00000007afa88388,0x00000007b6400000)
  from space 41984K, 0% used [0x00000007bd700000,0x00000007bd700000,0x00000007c0000000)
  to   space 79872K, 0% used [0x00000007b6400000,0x00000007b6400000,0x00000007bb200000)
 ParOldGen       total 699392K, used 697562K [0x0000000780000000, 0x00000007aab00000, 0x00000007aab00000)
  object space 699392K, 99% used [0x0000000780000000,0x00000007aa936a90,0x00000007aab00000)
 Metaspace       used 84618K, capacity 85326K, committed 86144K, reserved 1120256K
  class space    used 14819K, capacity 15073K, committed 15232K, reserved 1048576K
}
Event: 1123.310 GC heap before
{Heap before GC invocations=141 (full 36):
 PSYoungGen      total 231424K, used 189440K [0x00000007aab00000, 0x00000007c0000000, 0x00000007c0000000)
  eden space 189440K, 100% used [0x00000007aab00000,0x00000007b6400000,0x00000007b6400000)
  from space 41984K, 0% used [0x00000007bd700000,0x00000007bd700000,0x00000007c0000000)
  to   space 79872K, 0% used [0x00000007b6400000,0x00000007b6400000,0x00000007bb200000)
 ParOldGen       total 699392K, used 697562K [0x0000000780000000, 0x00000007aab00000, 0x00000007aab00000)
  object space 699392K, 99% used [0x0000000780000000,0x00000007aa936a90,0x00000007aab00000)
 Metaspace       used 84618K, capacity 85326K, committed 86144K, reserved 1120256K
  class space    used 14819K, capacity 15073K, committed 15232K, reserved 1048576K
Event: 1124.650 GC heap after
Heap after GC invocations=141 (full 36):
 PSYoungGen      total 231424K, used 160784K [0x00000007aab00000, 0x00000007c0000000, 0x00000007c0000000)
  eden space 189440K, 84% used [0x00000007aab00000,0x00000007b48041c0,0x00000007b6400000)
  from space 41984K, 0% used [0x00000007bd700000,0x00000007bd700000,0x00000007c0000000)
  to   space 79872K, 0% used [0x00000007b6400000,0x00000007b6400000,0x00000007bb200000)
 ParOldGen       total 699392K, used 697562K [0x0000000780000000, 0x00000007aab00000, 0x00000007aab00000)
  object space 699392K, 99% used [0x0000000780000000,0x00000007aa936a90,0x00000007aab00000)
 Metaspace       used 84618K, capacity 85326K, committed 86144K, reserved 1120256K
  class space    used 14819K, capacity 15073K, committed 15232K, reserved 1048576K
}
Event: 1921.397 GC heap before
{Heap before GC invocations=142 (full 37):
 PSYoungGen      total 231424K, used 189440K [0x00000007aab00000, 0x00000007c0000000, 0x00000007c0000000)
  eden space 189440K, 100% used [0x00000007aab00000,0x00000007b6400000,0x00000007b6400000)
  from space 41984K, 0% used [0x00000007bd700000,0x00000007bd700000,0x00000007c0000000)
  to   space 79872K, 0% used [0x00000007b6400000,0x00000007b6400000,0x00000007bb200000)
 ParOldGen       total 699392K, used 697562K [0x0000000780000000, 0x00000007aab00000, 0x00000007aab00000)
  object space 699392K, 99% used [0x0000000780000000,0x00000007aa936a90,0x00000007aab00000)
 Metaspace       used 84715K, capacity 85454K, committed 86144K, reserved 1120256K
  class space    used 14819K, capacity 15073K, committed 15232K, reserved 1048576K
Event: 1922.966 GC heap after
Heap after GC invocations=142 (full 37):
 PSYoungGen      total 231424K, used 78754K [0x00000007aab00000, 0x00000007c0000000, 0x00000007c0000000)
  eden space 189440K, 41% used [0x00000007aab00000,0x00000007af7e8be0,0x00000007b6400000)
  from space 41984K, 0% used [0x00000007bd700000,0x00000007bd700000,0x00000007c0000000)
  to   space 79872K, 0% used [0x00000007b6400000,0x00000007b6400000,0x00000007bb200000)
 ParOldGen       total 699392K, used 697455K [0x0000000780000000, 0x00000007aab00000, 0x00000007aab00000)
  object space 699392K, 99% used [0x0000000780000000,0x00000007aa91beb0,0x00000007aab00000)
 Metaspace       used 84715K, capacity 85454K, committed 86144K, reserved 1120256K
  class space    used 14819K, capacity 15073K, committed 15232K, reserved 1048576K
}
Event: 3669.397 GC heap before
{Heap before GC invocations=143 (full 38):
 PSYoungGen      total 231424K, used 189440K [0x00000007aab00000, 0x00000007c0000000, 0x00000007c0000000)
  eden space 189440K, 100% used [0x00000007aab00000,0x00000007b6400000,0x00000007b6400000)
  from space 41984K, 0% used [0x00000007bd700000,0x00000007bd700000,0x00000007c0000000)
  to   space 79872K, 0% used [0x00000007b6400000,0x00000007b6400000,0x00000007bb200000)
 ParOldGen       total 699392K, used 697455K [0x0000000780000000, 0x00000007aab00000, 0x00000007aab00000)
  object space 699392K, 99% used [0x0000000780000000,0x00000007aa91beb0,0x00000007aab00000)
 Metaspace       used 85682K, capacity 86508K, committed 86912K, reserved 1120256K
  class space    used 14905K, capacity 15178K, committed 15232K, reserved 1048576K
Event: 3671.290 GC heap after
Heap after GC invocations=143 (full 38):
 PSYoungGen      total 231424K, used 81745K [0x00000007aab00000, 0x00000007c0000000, 0x00000007c0000000)
  eden space 189440K, 43% used [0x00000007aab00000,0x00000007afad4660,0x00000007b6400000)
  from space 41984K, 0% used [0x00000007bd700000,0x00000007bd700000,0x00000007c0000000)
  to   space 79872K, 0% used [0x00000007b6400000,0x00000007b6400000,0x00000007bb200000)
 ParOldGen       total 699392K, used 697040K [0x0000000780000000, 0x00000007aab00000, 0x00000007aab00000)
  object space 699392K, 99% used [0x0000000780000000,0x00000007aa8b40b8,0x00000007aab00000)
 Metaspace       used 85495K, capacity 86282K, committed 86912K, reserved 1120256K
  class space    used 14880K, capacity 15131K, committed 15232K, reserved 1048576K
}
Event: 3680.778 GC heap before
{Heap before GC invocations=144 (full 39):
 PSYoungGen      total 231424K, used 189440K [0x00000007aab00000, 0x00000007c0000000, 0x00000007c0000000)
  eden space 189440K, 100% used [0x00000007aab00000,0x00000007b6400000,0x00000007b6400000)
  from space 41984K, 0% used [0x00000007bd700000,0x00000007bd700000,0x00000007c0000000)
  to   space 79872K, 0% used [0x00000007b6400000,0x00000007b6400000,0x00000007bb200000)
 ParOldGen       total 699392K, used 697040K [0x0000000780000000, 0x00000007aab00000, 0x00000007aab00000)
  object space 699392K, 99% used [0x0000000780000000,0x00000007aa8b40b8,0x00000007aab00000)
 Metaspace       used 85839K, capacity 86688K, committed 87168K, reserved 1122304K
  class space    used 14912K, capacity 15178K, committed 15232K, reserved 1048576K
Event: 3682.455 GC heap after
Heap after GC invocations=144 (full 39):
 PSYoungGen      total 231424K, used 86327K [0x00000007aab00000, 0x00000007c0000000, 0x00000007c0000000)
  eden space 189440K, 45% used [0x00000007aab00000,0x00000007aff4dfd0,0x00000007b6400000)
  from space 41984K, 0% used [0x00000007bd700000,0x00000007bd700000,0x00000007c0000000)
  to   space 79872K, 0% used [0x00000007b6400000,0x00000007b6400000,0x00000007bb200000)
 ParOldGen       total 699392K, used 696859K [0x0000000780000000, 0x00000007aab00000, 0x00000007aab00000)
  object space 699392K, 99% used [0x0000000780000000,0x00000007aa886ce8,0x00000007aab00000)
 Metaspace       used 85719K, capacity 86496K, committed 87168K, reserved 1122304K
  class space    used 14894K, capacity 15146K, committed 15232K, reserved 1048576K
}
Event: 3683.247 GC heap before
{Heap before GC invocations=145 (full 40):
 PSYoungGen      total 231424K, used 189440K [0x00000007aab00000, 0x00000007c0000000, 0x00000007c0000000)
  eden space 189440K, 100% used [0x00000007aab00000,0x00000007b6400000,0x00000007b6400000)
  from space 41984K, 0% used [0x00000007bd700000,0x00000007bd700000,0x00000007c0000000)
  to   space 79872K, 0% used [0x00000007b6400000,0x00000007b6400000,0x00000007bb200000)
 ParOldGen       total 699392K, used 696859K [0x0000000780000000, 0x00000007aab00000, 0x00000007aab00000)
  object space 699392K, 99% used [0x0000000780000000,0x00000007aa886ce8,0x00000007aab00000)
 Metaspace       used 85722K, capacity 86496K, committed 87168K, reserved 1122304K
  class space    used 14894K, capacity 15146K, committed 15232K, reserved 1048576K

